<?xml version="1.0" encoding="UTF-8"?>
<!-- Generated by org.testng.reporters.JUnitXMLReporter -->
<testsuite ignored="0" hostname="Sohel-PC" failures="1" tests="4" name="Mortgage_Calculator" time="82.158" errors="0" timestamp="2021-04-03T17:06:37 EDT">
  <testcase classname="automation_test.mortgage_calculator.CalculateMonthlyPayment" name="calculateRate" time="9.314"/>
  <testcase classname="automation_test.mortgage_calculator.CalculateApr" name="calculateRealApr" time="16.828">
    <skipped/>
  </testcase> <!-- calculateRealApr -->
  <testcase classname="automation_test.mortgage_calculator.CalculateApr" name="calculateRealApr" time="8.913">
    <skipped/>
  </testcase> <!-- calculateRealApr -->
  <testcase classname="automation_test.mortgage_calculator.CalculateApr" name="calculateRealApr" time="8.419">
    <failure type="java.lang.AssertionError" message="expected [3.4%] but found [3.132%]">
      <![CDATA[java.lang.AssertionError: expected [3.4%] but found [3.132%]
at page_objects.RealApr.validateAPR(RealApr.java:76)
at automation_test.mortgage_calculator.CalculateApr.calculateRealApr(CalculateApr.java:55)
at java.base/java.util.concurrent.ThreadPoolExecutor.runWorker(ThreadPoolExecutor.java:1128)
at java.base/java.util.concurrent.ThreadPoolExecutor$Worker.run(ThreadPoolExecutor.java:628)
at java.base/java.lang.Thread.run(Thread.java:834)
... Removed 18 stack frames]]>
    </failure>
  </testcase> <!-- calculateRealApr -->
</testsuite> <!-- Mortgage_Calculator -->
