<!DOCTYPE html PUBLIC "-//W3C//DTD XHTML 1.1//EN" "https://www.w3.org/TR/xhtml11/DTD/xhtml11.dtd">
<html xmlns="https://www.w3.org/1999/xhtml">
<head>
<meta http-equiv="content-type" content="text/html; charset=UTF-8"/>
<title>TestNG Report</title>
<style type="text/css">table {margin-bottom:10px;border-collapse:collapse;empty-cells:show}th,td {border:1px solid #009;padding:.25em .5em}th {vertical-align:bottom}td {vertical-align:top}table a {font-weight:bold}.stripe td {background-color: #E6EBF9}.num {text-align:right}.passedodd td {background-color: #3F3}.passedeven td {background-color: #0A0}.skippedodd td {background-color: #DDD}.skippedeven td {background-color: #CCC}.failedodd td,.attn {background-color: #F33}.failedeven td,.stripe .attn {background-color: #D00}.stacktrace {white-space:pre;font-family:monospace}.totop {font-size:85%;text-align:center;border-bottom:2px solid #000}.invisible {display:none}</style>
</head>
<body>
<table>
<tr><th>Test</th><th># Passed</th><th># Skipped</th><th># Retried</th><th># Failed</th><th>Time (ms)</th><th>Included Groups</th><th>Excluded Groups</th></tr>
<tr><th colspan="8">Automation_Test</th></tr>
<tr><td><a href="#t0">Mortgage_Calculator</a></td><td class="num">1</td><td class="num">0</td><td class="num attn">2</td><td class="num attn">1</td><td class="num">82,158</td><td></td><td></td></tr>
</table>
<table id='summary'><thead><tr><th>Class</th><th>Method</th><th>Start</th><th>Time (ms)</th></tr></thead><tbody><tr><th colspan="4">Automation_Test</th></tr></tbody><tbody id="t0"><tr><th colspan="4">Mortgage_Calculator &#8212; failed</th></tr><tr class="failedeven"><td rowspan="1">automation_test.mortgage_calculator.CalculateApr</td><td><a href="#m0">calculateRealApr</a></td><td rowspan="1">1617483987640</td><td rowspan="1">8419</td></tr><tr><th colspan="4">Mortgage_Calculator &#8212; retried</th></tr><tr class="retriedeven"><td rowspan="2">automation_test.mortgage_calculator.CalculateApr</td><td><a href="#m1">calculateRealApr</a></td><td rowspan="2">1617483935594</td><td rowspan="2">16828</td></tr><tr class="retriedeven"><td><a href="#m2">calculateRealApr</a></td></tr><tr><th colspan="4">Mortgage_Calculator &#8212; passed</th></tr><tr class="passedeven"><td rowspan="1">automation_test.mortgage_calculator.CalculateMonthlyPayment</td><td><a href="#m3">calculateRate</a></td><td rowspan="1">1617483936439</td><td rowspan="1">9314</td></tr></tbody>
</table>
<h2>Mortgage_Calculator</h2><h3 id="m0">automation_test.mortgage_calculator.CalculateApr#calculateRealApr</h3><table class="result"><tr><th>Exception</th></tr><tr><td><div class="stacktrace">java.lang.AssertionError: expected [3.4%] but found [3.132%]
	at page_objects.RealApr.validateAPR(RealApr.java:76)
	at automation_test.mortgage_calculator.CalculateApr.calculateRealApr(CalculateApr.java:55)
	at java.base/java.util.concurrent.ThreadPoolExecutor.runWorker(ThreadPoolExecutor.java:1128)
	at java.base/java.util.concurrent.ThreadPoolExecutor$Worker.run(ThreadPoolExecutor.java:628)
	at java.base/java.lang.Thread.run(Thread.java:834)
... Removed 18 stack frames</div></td></tr></table><p class="totop"><a href="#summary">back to summary</a></p>
<h3 id="m1">automation_test.mortgage_calculator.CalculateApr#calculateRealApr</h3><table class="result"><tr><th>Exception</th></tr><tr><td><div class="stacktrace">java.lang.AssertionError: expected [3.4%] but found [3.132%]
	at page_objects.RealApr.validateAPR(RealApr.java:76)
	at automation_test.mortgage_calculator.CalculateApr.calculateRealApr(CalculateApr.java:55)
	at java.base/java.util.concurrent.ThreadPoolExecutor.runWorker(ThreadPoolExecutor.java:1128)
	at java.base/java.util.concurrent.ThreadPoolExecutor$Worker.run(ThreadPoolExecutor.java:628)
	at java.base/java.lang.Thread.run(Thread.java:834)
... Removed 18 stack frames</div></td></tr></table><p class="totop"><a href="#summary">back to summary</a></p>
<h3 id="m2">automation_test.mortgage_calculator.CalculateApr#calculateRealApr</h3><table class="result"><tr><th>Exception</th></tr><tr><td><div class="stacktrace">java.lang.AssertionError: expected [3.4%] but found [3.132%]
	at page_objects.RealApr.validateAPR(RealApr.java:76)
	at automation_test.mortgage_calculator.CalculateApr.calculateRealApr(CalculateApr.java:55)
	at java.base/java.util.concurrent.ThreadPoolExecutor.runWorker(ThreadPoolExecutor.java:1128)
	at java.base/java.util.concurrent.ThreadPoolExecutor$Worker.run(ThreadPoolExecutor.java:628)
	at java.base/java.lang.Thread.run(Thread.java:834)
... Removed 18 stack frames</div></td></tr></table><p class="totop"><a href="#summary">back to summary</a></p>
<h3 id="m3">automation_test.mortgage_calculator.CalculateMonthlyPayment#calculateRate</h3><table class="result"><tr><th class="invisible"/></tr></table><p class="totop"><a href="#summary">back to summary</a></p>
</body>
</html>
