<?xml version="1.0" encoding="UTF-8"?>
<testng-results retried="2" ignored="0" total="4" passed="1" failed="1" skipped="0">
  <reporter-output>
  </reporter-output>
  <suite started-at="2021-04-03T17:05:15 EDT" name="Automation_Test" finished-at="2021-04-03T17:06:37 EDT" duration-ms="82158">
    <groups>
    </groups>
    <test started-at="2021-04-03T17:05:15 EDT" name="Mortgage_Calculator" finished-at="2021-04-03T17:06:37 EDT" duration-ms="82158">
      <class name="automation_test.mortgage_calculator.CalculateApr">
        <test-method is-config="true" signature="BrowserInitialization()[pri:0, instance:automation_test.mortgage_calculator.CalculateApr@693fe6c9]" started-at="2021-04-03T17:05:15 EDT" name="BrowserInitialization" finished-at="2021-04-03T17:05:35 EDT" duration-ms="20069" status="PASS">
          <reporter-output>
          </reporter-output>
        </test-method> <!-- BrowserInitialization -->
        <test-method retried="true" signature="calculateRealApr()[pri:0, instance:automation_test.mortgage_calculator.CalculateApr@693fe6c9]" started-at="2021-04-03T17:05:35 EDT" name="calculateRealApr" finished-at="2021-04-03T17:05:52 EDT" duration-ms="16828" status="SKIP">
          <exception class="java.lang.AssertionError">
            <message>
              <![CDATA[expected [3.4%] but found [3.132%]]]>
            </message>
            <full-stacktrace>
              <![CDATA[java.lang.AssertionError: expected [3.4%] but found [3.132%]
at org.testng.Assert.fail(Assert.java:99)
at org.testng.Assert.failNotEquals(Assert.java:1037)
at org.testng.Assert.assertEqualsImpl(Assert.java:140)
at org.testng.Assert.assertEquals(Assert.java:122)
at org.testng.Assert.assertEquals(Assert.java:629)
at org.testng.Assert.assertEquals(Assert.java:639)
at page_objects.RealApr.validateAPR(RealApr.java:76)
at automation_test.mortgage_calculator.CalculateApr.calculateRealApr(CalculateApr.java:55)
at java.base/jdk.internal.reflect.NativeMethodAccessorImpl.invoke0(Native Method)
at java.base/jdk.internal.reflect.NativeMethodAccessorImpl.invoke(NativeMethodAccessorImpl.java:62)
at java.base/jdk.internal.reflect.DelegatingMethodAccessorImpl.invoke(DelegatingMethodAccessorImpl.java:43)
at java.base/java.lang.reflect.Method.invoke(Method.java:566)
at org.testng.internal.MethodInvocationHelper.invokeMethod(MethodInvocationHelper.java:132)
at org.testng.internal.TestInvoker.invokeMethod(TestInvoker.java:599)
at org.testng.internal.TestInvoker.invokeTestMethod(TestInvoker.java:174)
at org.testng.internal.MethodRunner.runInSequence(MethodRunner.java:46)
at org.testng.internal.TestInvoker$MethodInvocationAgent.invoke(TestInvoker.java:822)
at org.testng.internal.TestInvoker.invokeTestMethods(TestInvoker.java:147)
at org.testng.internal.TestMethodWorker.invokeTestMethods(TestMethodWorker.java:146)
at org.testng.internal.TestMethodWorker.run(TestMethodWorker.java:128)
at java.base/java.util.concurrent.ThreadPoolExecutor.runWorker(ThreadPoolExecutor.java:1128)
at java.base/java.util.concurrent.ThreadPoolExecutor$Worker.run(ThreadPoolExecutor.java:628)
at java.base/java.lang.Thread.run(Thread.java:834)
]]>
            </full-stacktrace>
          </exception> <!-- java.lang.AssertionError -->
          <reporter-output>
          </reporter-output>
        </test-method> <!-- calculateRealApr -->
        <test-method is-config="true" signature="closeBrowser()[pri:0, instance:automation_test.mortgage_calculator.CalculateApr@693fe6c9]" started-at="2021-04-03T17:05:52 EDT" name="closeBrowser" finished-at="2021-04-03T17:05:53 EDT" duration-ms="1294" status="PASS">
          <reporter-output>
          </reporter-output>
        </test-method> <!-- closeBrowser -->
        <test-method is-config="true" signature="BrowserInitialization()[pri:0, instance:automation_test.mortgage_calculator.CalculateApr@693fe6c9]" started-at="2021-04-03T17:05:53 EDT" name="BrowserInitialization" finished-at="2021-04-03T17:06:04 EDT" duration-ms="11125" status="PASS">
          <reporter-output>
          </reporter-output>
        </test-method> <!-- BrowserInitialization -->
        <test-method retried="true" signature="calculateRealApr()[pri:0, instance:automation_test.mortgage_calculator.CalculateApr@693fe6c9]" started-at="2021-04-03T17:06:04 EDT" name="calculateRealApr" finished-at="2021-04-03T17:06:13 EDT" duration-ms="8913" status="SKIP">
          <exception class="java.lang.AssertionError">
            <message>
              <![CDATA[expected [3.4%] but found [3.132%]]]>
            </message>
            <full-stacktrace>
              <![CDATA[java.lang.AssertionError: expected [3.4%] but found [3.132%]
at org.testng.Assert.fail(Assert.java:99)
at org.testng.Assert.failNotEquals(Assert.java:1037)
at org.testng.Assert.assertEqualsImpl(Assert.java:140)
at org.testng.Assert.assertEquals(Assert.java:122)
at org.testng.Assert.assertEquals(Assert.java:629)
at org.testng.Assert.assertEquals(Assert.java:639)
at page_objects.RealApr.validateAPR(RealApr.java:76)
at automation_test.mortgage_calculator.CalculateApr.calculateRealApr(CalculateApr.java:55)
at java.base/jdk.internal.reflect.NativeMethodAccessorImpl.invoke0(Native Method)
at java.base/jdk.internal.reflect.NativeMethodAccessorImpl.invoke(NativeMethodAccessorImpl.java:62)
at java.base/jdk.internal.reflect.DelegatingMethodAccessorImpl.invoke(DelegatingMethodAccessorImpl.java:43)
at java.base/java.lang.reflect.Method.invoke(Method.java:566)
at org.testng.internal.MethodInvocationHelper.invokeMethod(MethodInvocationHelper.java:132)
at org.testng.internal.TestInvoker.invokeMethod(TestInvoker.java:599)
at org.testng.internal.TestInvoker.retryFailed(TestInvoker.java:214)
at org.testng.internal.MethodRunner.runInSequence(MethodRunner.java:58)
at org.testng.internal.TestInvoker$MethodInvocationAgent.invoke(TestInvoker.java:822)
at org.testng.internal.TestInvoker.invokeTestMethods(TestInvoker.java:147)
at org.testng.internal.TestMethodWorker.invokeTestMethods(TestMethodWorker.java:146)
at org.testng.internal.TestMethodWorker.run(TestMethodWorker.java:128)
at java.base/java.util.concurrent.ThreadPoolExecutor.runWorker(ThreadPoolExecutor.java:1128)
at java.base/java.util.concurrent.ThreadPoolExecutor$Worker.run(ThreadPoolExecutor.java:628)
at java.base/java.lang.Thread.run(Thread.java:834)
]]>
            </full-stacktrace>
          </exception> <!-- java.lang.AssertionError -->
          <reporter-output>
          </reporter-output>
        </test-method> <!-- calculateRealApr -->
        <test-method is-config="true" signature="closeBrowser()[pri:0, instance:automation_test.mortgage_calculator.CalculateApr@693fe6c9]" started-at="2021-04-03T17:06:13 EDT" name="closeBrowser" finished-at="2021-04-03T17:06:15 EDT" duration-ms="1891" status="PASS">
          <reporter-output>
          </reporter-output>
        </test-method> <!-- closeBrowser -->
        <test-method is-config="true" signature="BrowserInitialization()[pri:0, instance:automation_test.mortgage_calculator.CalculateApr@693fe6c9]" started-at="2021-04-03T17:06:15 EDT" name="BrowserInitialization" finished-at="2021-04-03T17:06:27 EDT" duration-ms="11993" status="PASS">
          <reporter-output>
          </reporter-output>
        </test-method> <!-- BrowserInitialization -->
        <test-method signature="calculateRealApr()[pri:0, instance:automation_test.mortgage_calculator.CalculateApr@693fe6c9]" started-at="2021-04-03T17:06:27 EDT" name="calculateRealApr" finished-at="2021-04-03T17:06:36 EDT" duration-ms="8419" status="FAIL">
          <exception class="java.lang.AssertionError">
            <message>
              <![CDATA[expected [3.4%] but found [3.132%]]]>
            </message>
            <full-stacktrace>
              <![CDATA[java.lang.AssertionError: expected [3.4%] but found [3.132%]
at org.testng.Assert.fail(Assert.java:99)
at org.testng.Assert.failNotEquals(Assert.java:1037)
at org.testng.Assert.assertEqualsImpl(Assert.java:140)
at org.testng.Assert.assertEquals(Assert.java:122)
at org.testng.Assert.assertEquals(Assert.java:629)
at org.testng.Assert.assertEquals(Assert.java:639)
at page_objects.RealApr.validateAPR(RealApr.java:76)
at automation_test.mortgage_calculator.CalculateApr.calculateRealApr(CalculateApr.java:55)
at java.base/jdk.internal.reflect.NativeMethodAccessorImpl.invoke0(Native Method)
at java.base/jdk.internal.reflect.NativeMethodAccessorImpl.invoke(NativeMethodAccessorImpl.java:62)
at java.base/jdk.internal.reflect.DelegatingMethodAccessorImpl.invoke(DelegatingMethodAccessorImpl.java:43)
at java.base/java.lang.reflect.Method.invoke(Method.java:566)
at org.testng.internal.MethodInvocationHelper.invokeMethod(MethodInvocationHelper.java:132)
at org.testng.internal.TestInvoker.invokeMethod(TestInvoker.java:599)
at org.testng.internal.TestInvoker.retryFailed(TestInvoker.java:214)
at org.testng.internal.MethodRunner.runInSequence(MethodRunner.java:58)
at org.testng.internal.TestInvoker$MethodInvocationAgent.invoke(TestInvoker.java:822)
at org.testng.internal.TestInvoker.invokeTestMethods(TestInvoker.java:147)
at org.testng.internal.TestMethodWorker.invokeTestMethods(TestMethodWorker.java:146)
at org.testng.internal.TestMethodWorker.run(TestMethodWorker.java:128)
at java.base/java.util.concurrent.ThreadPoolExecutor.runWorker(ThreadPoolExecutor.java:1128)
at java.base/java.util.concurrent.ThreadPoolExecutor$Worker.run(ThreadPoolExecutor.java:628)
at java.base/java.lang.Thread.run(Thread.java:834)
]]>
            </full-stacktrace>
          </exception> <!-- java.lang.AssertionError -->
          <reporter-output>
          </reporter-output>
        </test-method> <!-- calculateRealApr -->
        <test-method is-config="true" signature="closeBrowser()[pri:0, instance:automation_test.mortgage_calculator.CalculateApr@693fe6c9]" started-at="2021-04-03T17:06:36 EDT" name="closeBrowser" finished-at="2021-04-03T17:06:37 EDT" duration-ms="1573" status="PASS">
          <reporter-output>
          </reporter-output>
        </test-method> <!-- closeBrowser -->
      </class> <!-- automation_test.mortgage_calculator.CalculateApr -->
      <class name="automation_test.mortgage_calculator.CalculateMonthlyPayment">
        <test-method is-config="true" signature="BrowserInitialization()[pri:0, instance:automation_test.mortgage_calculator.CalculateMonthlyPayment@34f5090e]" started-at="2021-04-03T17:05:15 EDT" name="BrowserInitialization" finished-at="2021-04-03T17:05:36 EDT" duration-ms="20914" status="PASS">
          <reporter-output>
          </reporter-output>
        </test-method> <!-- BrowserInitialization -->
        <test-method signature="calculateRate()[pri:0, instance:automation_test.mortgage_calculator.CalculateMonthlyPayment@34f5090e]" started-at="2021-04-03T17:05:36 EDT" name="calculateRate" finished-at="2021-04-03T17:05:45 EDT" duration-ms="9314" status="PASS">
          <reporter-output>
          </reporter-output>
        </test-method> <!-- calculateRate -->
        <test-method is-config="true" signature="closeBrowser()[pri:0, instance:automation_test.mortgage_calculator.CalculateMonthlyPayment@34f5090e]" started-at="2021-04-03T17:05:45 EDT" name="closeBrowser" finished-at="2021-04-03T17:05:51 EDT" duration-ms="5911" status="PASS">
          <reporter-output>
          </reporter-output>
        </test-method> <!-- closeBrowser -->
      </class> <!-- automation_test.mortgage_calculator.CalculateMonthlyPayment -->
    </test> <!-- Mortgage_Calculator -->
  </suite> <!-- Automation_Test -->
</testng-results>
